<?xml version="1.0" encoding="UTF-8"?>
<testsuite xmlns:xsi="http://www.w3.org/2001/XMLSchema-instance" xsi:noNamespaceSchemaLocation="https://maven.apache.org/surefire/maven-surefire-plugin/xsd/surefire-test-report-3.0.xsd" version="3.0" name="com.epam.training.ticketservice.core.service.userservice.UserServiceImplTest" time="0.015" tests="2" errors="0" skipped="0" failures="0">
  <properties>
[...]
</properties>
  <testcase name="testLoginShouldSetLoggedInWhenUsernameAndPasswordAreCorrect" classname="com.epam.training.ticketservice.core.service.userservice.UserServiceImplTest" time="0"/>
  <testcase name="testSignOutUserAfterSignIn" classname="com.epam.training.ticketservice.core.service.userservice.UserServiceImplTest" time="0"/>
</testsuite>